f:\dantepchen\rbf_solver_node\x64\release\rbf_solver_node.obj
f:\dantepchen\rbf_solver_node\x64\release\main.obj
f:\dantepchen\rbf_solver_node\x64\release\rbf_solver_compute.obj
f:\dantepchen\rbf_solver_node\x64\release\vc141.pdb
e:\rbf_solver_node\x64\release\rbf_solver_node.obj
e:\rbf_solver_node\x64\release\rbf_solver_compute.obj
e:\rbf_solver_node\x64\release\main.obj
e:\rbf_solver_node\x64\release\vc141.pdb
f:\dantepchen\rbf_solver_node\output\rbf_solver_node.mll
f:\dantepchen\rbf_solver_node\output\rbf_solver_node.pdb
e:\rbf_solver_node\output\rbf_solver_node.mll
e:\rbf_solver_node\output\rbf_solver_node.pdb
f:\dantepchen\rbf_solver_node\output\rbf_solver_node.lib
f:\dantepchen\rbf_solver_node\output\rbf_solver_node.exp
f:\dantepchen\rbf_solver_node\output\rbf_solver_node.ipdb
f:\dantepchen\rbf_solver_node\output\rbf_solver_node.iobj
e:\rbf_solver_node\output\rbf_solver_node.lib
e:\rbf_solver_node\output\rbf_solver_node.exp
e:\rbf_solver_node\output\rbf_solver_node.ipdb
e:\rbf_solver_node\output\rbf_solver_node.iobj
e:\rbf_solver_node\\output\rbf_solver_node.pdb
e:\rbf_solver_node\\output\rbf_solver_node.mll
e:\rbf_solver_node\x64\release\rbf_solver_node.tlog\cl.25148.write.1.tlog
e:\rbf_solver_node\x64\release\rbf_solver_node.tlog\cl.command.1.tlog
e:\rbf_solver_node\x64\release\rbf_solver_node.tlog\cl.read.1.tlog
e:\rbf_solver_node\x64\release\rbf_solver_node.tlog\link.command.1.tlog
e:\rbf_solver_node\x64\release\rbf_solver_node.tlog\link.read.1.tlog
e:\rbf_solver_node\x64\release\rbf_solver_node.tlog\link.write.1.tlog
e:\rbf_solver_node\x64\release\rbf_solver_node.tlog\rbf_solver_node.write.1u.tlog
